<?xml version="1.0" encoding="UTF-8"?>
<testsuite xmlns:xsi="http://www.w3.org/2001/XMLSchema-instance" xsi:noNamespaceSchemaLocation="https://maven.apache.org/surefire/maven-surefire-plugin/xsd/surefire-test-report.xsd" name="com.skillsoft.junit.AccountDetailsTest" time="0.034" tests="2" errors="0" skipped="0" failures="0">
  <properties>
[...]
</properties>
  <testcase name="validateBalance" classname="com.skillsoft.junit.AccountDetailsTest" time="0.023"/>
  <testcase name="validateName" classname="com.skillsoft.junit.AccountDetailsTest" time="0"/>
</testsuite>